  Source.cpp
C:\Users\Administrator\source\repos\MayBay\MayBay\Source.cpp(1830,29): warning C4267: 'argument': conversion from 'size_t' to 'short', possible loss of data
C:\Users\Administrator\source\repos\MayBay\MayBay\Source.cpp(1832,29): warning C4267: 'argument': conversion from 'size_t' to 'short', possible loss of data
C:\Users\Administrator\source\repos\MayBay\MayBay\Source.cpp(1837,20): warning C4018: '<': signed/unsigned mismatch
C:\Users\Administrator\source\repos\MayBay\MayBay\Source.cpp(1847,20): warning C4018: '<': signed/unsigned mismatch
C:\Users\Administrator\source\repos\MayBay\MayBay\Source.cpp(1858,7): warning C4101: 'err': unreferenced local variable
C:\Users\Administrator\source\repos\MayBay\MayBay\Source.cpp(2068,33): warning C4267: 'argument': conversion from 'size_t' to 'short', possible loss of data
C:\Users\Administrator\source\repos\MayBay\MayBay\Source.cpp(2071,31): warning C4267: 'argument': conversion from 'size_t' to 'short', possible loss of data
C:\Users\Administrator\source\repos\MayBay\MayBay\Source.cpp(2074,32): warning C4267: 'argument': conversion from 'size_t' to 'short', possible loss of data
C:\Users\Administrator\source\repos\MayBay\MayBay\Source.cpp(2085,31): warning C4267: 'argument': conversion from 'size_t' to 'short', possible loss of data
C:\Users\Administrator\source\repos\MayBay\MayBay\Source.cpp(2088,32): warning C4267: 'argument': conversion from 'size_t' to 'short', possible loss of data
C:\Users\Administrator\source\repos\MayBay\MayBay\Source.cpp(2091,33): warning C4267: 'argument': conversion from 'size_t' to 'short', possible loss of data
C:\Users\Administrator\source\repos\MayBay\MayBay\Source.cpp(2130,33): warning C4267: 'argument': conversion from 'size_t' to 'short', possible loss of data
C:\Users\Administrator\source\repos\MayBay\MayBay\Source.cpp(2138,32): warning C4267: 'argument': conversion from 'size_t' to 'short', possible loss of data
C:\Users\Administrator\source\repos\MayBay\MayBay\Source.cpp(2146,33): warning C4267: 'argument': conversion from 'size_t' to 'short', possible loss of data
C:\Users\Administrator\source\repos\MayBay\MayBay\Source.cpp(2154,32): warning C4267: 'argument': conversion from 'size_t' to 'short', possible loss of data
C:\Users\Administrator\source\repos\MayBay\MayBay\Source.cpp(2317,30): warning C4267: 'argument': conversion from 'size_t' to 'short', possible loss of data
C:\Users\Administrator\source\repos\MayBay\MayBay\Source.cpp(2327,29): warning C4267: 'argument': conversion from 'size_t' to 'short', possible loss of data
C:\Users\Administrator\source\repos\MayBay\MayBay\Source.cpp(2344,33): warning C4267: 'argument': conversion from 'size_t' to 'short', possible loss of data
C:\Users\Administrator\source\repos\MayBay\MayBay\Source.cpp(2347,31): warning C4267: 'argument': conversion from 'size_t' to 'short', possible loss of data
C:\Users\Administrator\source\repos\MayBay\MayBay\Source.cpp(2350,32): warning C4267: 'argument': conversion from 'size_t' to 'short', possible loss of data
C:\Users\Administrator\source\repos\MayBay\MayBay\Source.cpp(2362,31): warning C4267: 'argument': conversion from 'size_t' to 'short', possible loss of data
C:\Users\Administrator\source\repos\MayBay\MayBay\Source.cpp(2365,32): warning C4267: 'argument': conversion from 'size_t' to 'short', possible loss of data
C:\Users\Administrator\source\repos\MayBay\MayBay\Source.cpp(2368,33): warning C4267: 'argument': conversion from 'size_t' to 'short', possible loss of data
C:\Users\Administrator\source\repos\MayBay\MayBay\Source.cpp(2408,33): warning C4267: 'argument': conversion from 'size_t' to 'short', possible loss of data
C:\Users\Administrator\source\repos\MayBay\MayBay\Source.cpp(2419,32): warning C4267: 'argument': conversion from 'size_t' to 'short', possible loss of data
C:\Users\Administrator\source\repos\MayBay\MayBay\Source.cpp(2427,33): warning C4267: 'argument': conversion from 'size_t' to 'short', possible loss of data
C:\Users\Administrator\source\repos\MayBay\MayBay\Source.cpp(2435,32): warning C4267: 'argument': conversion from 'size_t' to 'short', possible loss of data
C:\Users\Administrator\source\repos\MayBay\MayBay\Source.cpp(2572,47): warning C4267: 'argument': conversion from 'size_t' to 'short', possible loss of data
C:\Users\Administrator\source\repos\MayBay\MayBay\Source.cpp(2589,46): warning C4267: 'argument': conversion from 'size_t' to 'short', possible loss of data
C:\Users\Administrator\source\repos\MayBay\MayBay\Source.cpp(2594,47): warning C4267: 'argument': conversion from 'size_t' to 'short', possible loss of data
C:\Users\Administrator\source\repos\MayBay\MayBay\Source.cpp(2611,46): warning C4267: 'argument': conversion from 'size_t' to 'short', possible loss of data
C:\Users\Administrator\source\repos\MayBay\MayBay\Source.cpp(2629,47): warning C4267: 'argument': conversion from 'size_t' to 'short', possible loss of data
C:\Users\Administrator\source\repos\MayBay\MayBay\Source.cpp(2642,47): warning C4267: 'argument': conversion from 'size_t' to 'short', possible loss of data
C:\Users\Administrator\source\repos\MayBay\MayBay\Source.cpp(2650,48): warning C4267: 'argument': conversion from 'size_t' to 'short', possible loss of data
C:\Users\Administrator\source\repos\MayBay\MayBay\Source.cpp(2729,7): warning C4101: 'err': unreferenced local variable
C:\Users\Administrator\source\repos\MayBay\MayBay\Source.cpp(2975,31): warning C4267: 'argument': conversion from 'size_t' to 'short', possible loss of data
C:\Users\Administrator\source\repos\MayBay\MayBay\Source.cpp(2979,47): warning C4267: 'argument': conversion from 'size_t' to 'short', possible loss of data
C:\Users\Administrator\source\repos\MayBay\MayBay\Source.cpp(2981,64): warning C4267: 'argument': conversion from 'size_t' to 'short', possible loss of data
C:\Users\Administrator\source\repos\MayBay\MayBay\Source.cpp(2984,36): warning C4267: 'argument': conversion from 'size_t' to 'short', possible loss of data
C:\Users\Administrator\source\repos\MayBay\MayBay\Source.cpp(2996,47): warning C4267: 'argument': conversion from 'size_t' to 'short', possible loss of data
C:\Users\Administrator\source\repos\MayBay\MayBay\Source.cpp(2998,64): warning C4267: 'argument': conversion from 'size_t' to 'short', possible loss of data
C:\Users\Administrator\source\repos\MayBay\MayBay\Source.cpp(3001,36): warning C4267: 'argument': conversion from 'size_t' to 'short', possible loss of data
C:\Users\Administrator\source\repos\MayBay\MayBay\Source.cpp(3017,47): warning C4267: 'argument': conversion from 'size_t' to 'short', possible loss of data
C:\Users\Administrator\source\repos\MayBay\MayBay\Source.cpp(3020,60): warning C4267: 'argument': conversion from 'size_t' to 'short', possible loss of data
C:\Users\Administrator\source\repos\MayBay\MayBay\Source.cpp(3031,47): warning C4267: 'argument': conversion from 'size_t' to 'short', possible loss of data
C:\Users\Administrator\source\repos\MayBay\MayBay\Source.cpp(3034,60): warning C4267: 'argument': conversion from 'size_t' to 'short', possible loss of data
C:\Users\Administrator\source\repos\MayBay\MayBay\Source.cpp(3107,47): warning C4267: 'argument': conversion from 'size_t' to 'short', possible loss of data
C:\Users\Administrator\source\repos\MayBay\MayBay\Source.cpp(3123,31): warning C4267: 'argument': conversion from 'size_t' to 'short', possible loss of data
C:\Users\Administrator\source\repos\MayBay\MayBay\Source.cpp(3137,46): warning C4267: 'argument': conversion from 'size_t' to 'short', possible loss of data
C:\Users\Administrator\source\repos\MayBay\MayBay\Source.cpp(3146,46): warning C4267: 'argument': conversion from 'size_t' to 'short', possible loss of data
C:\Users\Administrator\source\repos\MayBay\MayBay\Source.cpp(3357,28): warning C4267: 'argument': conversion from 'size_t' to 'short', possible loss of data
C:\Users\Administrator\source\repos\MayBay\MayBay\Source.cpp(3367,44): warning C4267: 'argument': conversion from 'size_t' to 'short', possible loss of data
C:\Users\Administrator\source\repos\MayBay\MayBay\Source.cpp(3389,31): warning C4267: 'argument': conversion from 'size_t' to 'short', possible loss of data
C:\Users\Administrator\source\repos\MayBay\MayBay\Source.cpp(3393,47): warning C4267: 'argument': conversion from 'size_t' to 'short', possible loss of data
C:\Users\Administrator\source\repos\MayBay\MayBay\Source.cpp(3395,64): warning C4267: 'argument': conversion from 'size_t' to 'short', possible loss of data
C:\Users\Administrator\source\repos\MayBay\MayBay\Source.cpp(3398,36): warning C4267: 'argument': conversion from 'size_t' to 'short', possible loss of data
C:\Users\Administrator\source\repos\MayBay\MayBay\Source.cpp(3411,47): warning C4267: 'argument': conversion from 'size_t' to 'short', possible loss of data
C:\Users\Administrator\source\repos\MayBay\MayBay\Source.cpp(3413,64): warning C4267: 'argument': conversion from 'size_t' to 'short', possible loss of data
C:\Users\Administrator\source\repos\MayBay\MayBay\Source.cpp(3416,36): warning C4267: 'argument': conversion from 'size_t' to 'short', possible loss of data
C:\Users\Administrator\source\repos\MayBay\MayBay\Source.cpp(3432,47): warning C4267: 'argument': conversion from 'size_t' to 'short', possible loss of data
C:\Users\Administrator\source\repos\MayBay\MayBay\Source.cpp(3435,60): warning C4267: 'argument': conversion from 'size_t' to 'short', possible loss of data
C:\Users\Administrator\source\repos\MayBay\MayBay\Source.cpp(3446,47): warning C4267: 'argument': conversion from 'size_t' to 'short', possible loss of data
C:\Users\Administrator\source\repos\MayBay\MayBay\Source.cpp(3449,60): warning C4267: 'argument': conversion from 'size_t' to 'short', possible loss of data
C:\Users\Administrator\source\repos\MayBay\MayBay\Source.cpp(3522,47): warning C4267: 'argument': conversion from 'size_t' to 'short', possible loss of data
C:\Users\Administrator\source\repos\MayBay\MayBay\Source.cpp(3538,31): warning C4267: 'argument': conversion from 'size_t' to 'short', possible loss of data
C:\Users\Administrator\source\repos\MayBay\MayBay\Source.cpp(3552,46): warning C4267: 'argument': conversion from 'size_t' to 'short', possible loss of data
C:\Users\Administrator\source\repos\MayBay\MayBay\Source.cpp(3561,46): warning C4267: 'argument': conversion from 'size_t' to 'short', possible loss of data
C:\Users\Administrator\source\repos\MayBay\MayBay\Source.cpp(3748,44): warning C4267: 'argument': conversion from 'size_t' to 'short', possible loss of data
C:\Users\Administrator\source\repos\MayBay\MayBay\Source.cpp(3773,44): warning C4267: 'argument': conversion from 'size_t' to 'short', possible loss of data
C:\Users\Administrator\source\repos\MayBay\MayBay\Source.cpp(3791,45): warning C4267: 'argument': conversion from 'size_t' to 'short', possible loss of data
C:\Users\Administrator\source\repos\MayBay\MayBay\Source.cpp(3803,45): warning C4267: 'argument': conversion from 'size_t' to 'short', possible loss of data
C:\Users\Administrator\source\repos\MayBay\MayBay\Source.cpp(3811,46): warning C4267: 'argument': conversion from 'size_t' to 'short', possible loss of data
C:\Users\Administrator\source\repos\MayBay\MayBay\Source.cpp(3840,46): warning C4267: 'argument': conversion from 'size_t' to 'short', possible loss of data
C:\Users\Administrator\source\repos\MayBay\MayBay\Source.cpp(3845,46): warning C4267: 'argument': conversion from 'size_t' to 'short', possible loss of data
C:\Users\Administrator\source\repos\MayBay\MayBay\Source.cpp(3923,31): warning C4267: 'argument': conversion from 'size_t' to 'short', possible loss of data
C:\Users\Administrator\source\repos\MayBay\MayBay\Source.cpp(3928,31): warning C4267: 'argument': conversion from 'size_t' to 'short', possible loss of data
C:\Users\Administrator\source\repos\MayBay\MayBay\Source.cpp(3933,31): warning C4267: 'argument': conversion from 'size_t' to 'short', possible loss of data
C:\Users\Administrator\source\repos\MayBay\MayBay\Source.cpp(3950,31): warning C4267: 'argument': conversion from 'size_t' to 'short', possible loss of data
C:\Users\Administrator\source\repos\MayBay\MayBay\Source.cpp(4063,44): warning C4267: 'argument': conversion from 'size_t' to 'short', possible loss of data
C:\Users\Administrator\source\repos\MayBay\MayBay\Source.cpp(4096,44): warning C4267: 'argument': conversion from 'size_t' to 'short', possible loss of data
C:\Users\Administrator\source\repos\MayBay\MayBay\Source.cpp(4114,45): warning C4267: 'argument': conversion from 'size_t' to 'short', possible loss of data
C:\Users\Administrator\source\repos\MayBay\MayBay\Source.cpp(4126,45): warning C4267: 'argument': conversion from 'size_t' to 'short', possible loss of data
C:\Users\Administrator\source\repos\MayBay\MayBay\Source.cpp(4187,7): warning C4101: 'err': unreferenced local variable
C:\Users\Administrator\source\repos\MayBay\MayBay\Source.cpp(4240,29): warning C4267: 'argument': conversion from 'size_t' to 'short', possible loss of data
C:\Users\Administrator\source\repos\MayBay\MayBay\Source.cpp(4243,30): warning C4267: 'argument': conversion from 'size_t' to 'short', possible loss of data
C:\Users\Administrator\source\repos\MayBay\MayBay\Source.cpp(4254,30): warning C4267: 'argument': conversion from 'size_t' to 'short', possible loss of data
C:\Users\Administrator\source\repos\MayBay\MayBay\Source.cpp(4257,61): warning C4267: 'argument': conversion from 'size_t' to 'short', possible loss of data
C:\Users\Administrator\source\repos\MayBay\MayBay\Source.cpp(4608,31): warning C4267: 'argument': conversion from 'size_t' to 'short', possible loss of data
C:\Users\Administrator\source\repos\MayBay\MayBay\Source.cpp(4614,31): warning C4267: 'argument': conversion from 'size_t' to 'short', possible loss of data
C:\Users\Administrator\source\repos\MayBay\MayBay\Source.cpp(4722,31): warning C4267: 'argument': conversion from 'size_t' to 'short', possible loss of data
C:\Users\Administrator\source\repos\MayBay\MayBay\Source.cpp(4727,31): warning C4267: 'argument': conversion from 'size_t' to 'short', possible loss of data
C:\Users\Administrator\source\repos\MayBay\MayBay\Source.cpp(4732,31): warning C4267: 'argument': conversion from 'size_t' to 'short', possible loss of data
C:\Users\Administrator\source\repos\MayBay\MayBay\Source.cpp(4737,31): warning C4267: 'argument': conversion from 'size_t' to 'short', possible loss of data
C:\Users\Administrator\source\repos\MayBay\MayBay\Source.cpp(4798,31): warning C4267: 'argument': conversion from 'size_t' to 'short', possible loss of data
C:\Users\Administrator\source\repos\MayBay\MayBay\Source.cpp(4805,31): warning C4267: 'argument': conversion from 'size_t' to 'short', possible loss of data
C:\Users\Administrator\source\repos\MayBay\MayBay\Source.cpp(4828,31): warning C4267: 'argument': conversion from 'size_t' to 'short', possible loss of data
C:\Users\Administrator\source\repos\MayBay\MayBay\Source.cpp(5039,31): warning C4267: 'argument': conversion from 'size_t' to 'short', possible loss of data
C:\Users\Administrator\source\repos\MayBay\MayBay\Source.cpp(5044,31): warning C4267: 'argument': conversion from 'size_t' to 'short', possible loss of data
C:\Users\Administrator\source\repos\MayBay\MayBay\Source.cpp(5061,31): warning C4267: 'argument': conversion from 'size_t' to 'short', possible loss of data
C:\Users\Administrator\source\repos\MayBay\MayBay\Source.cpp(5231,31): warning C4267: 'argument': conversion from 'size_t' to 'short', possible loss of data
C:\Users\Administrator\source\repos\MayBay\MayBay\Source.cpp(5236,31): warning C4267: 'argument': conversion from 'size_t' to 'short', possible loss of data
C:\Users\Administrator\source\repos\MayBay\MayBay\Source.cpp(5241,31): warning C4267: 'argument': conversion from 'size_t' to 'short', possible loss of data
C:\Users\Administrator\source\repos\MayBay\MayBay\Source.cpp(5359,7): warning C4101: 'err': unreferenced local variable
C:\Users\Administrator\source\repos\MayBay\MayBay\Source.cpp(5513,47): warning C4267: 'argument': conversion from 'size_t' to 'short', possible loss of data
C:\Users\Administrator\source\repos\MayBay\MayBay\Source.cpp(5516,48): warning C4267: 'argument': conversion from 'size_t' to 'short', possible loss of data
C:\Users\Administrator\source\repos\MayBay\MayBay\Source.cpp(5519,49): warning C4267: 'argument': conversion from 'size_t' to 'short', possible loss of data
C:\Users\Administrator\source\repos\MayBay\MayBay\Source.cpp(5531,36): warning C4267: 'argument': conversion from 'size_t' to 'short', possible loss of data
C:\Users\Administrator\source\repos\MayBay\MayBay\Source.cpp(5541,47): warning C4267: 'argument': conversion from 'size_t' to 'short', possible loss of data
C:\Users\Administrator\source\repos\MayBay\MayBay\Source.cpp(5544,48): warning C4267: 'argument': conversion from 'size_t' to 'short', possible loss of data
C:\Users\Administrator\source\repos\MayBay\MayBay\Source.cpp(5547,49): warning C4267: 'argument': conversion from 'size_t' to 'short', possible loss of data
C:\Users\Administrator\source\repos\MayBay\MayBay\Source.cpp(5558,47): warning C4267: 'argument': conversion from 'size_t' to 'short', possible loss of data
C:\Users\Administrator\source\repos\MayBay\MayBay\Source.cpp(5561,48): warning C4267: 'argument': conversion from 'size_t' to 'short', possible loss of data
C:\Users\Administrator\source\repos\MayBay\MayBay\Source.cpp(5564,49): warning C4267: 'argument': conversion from 'size_t' to 'short', possible loss of data
C:\Users\Administrator\source\repos\MayBay\MayBay\Source.cpp(5601,47): warning C4267: 'argument': conversion from 'size_t' to 'short', possible loss of data
C:\Users\Administrator\source\repos\MayBay\MayBay\Source.cpp(5617,46): warning C4267: 'argument': conversion from 'size_t' to 'short', possible loss of data
C:\Users\Administrator\source\repos\MayBay\MayBay\Source.cpp(5626,46): warning C4267: 'argument': conversion from 'size_t' to 'short', possible loss of data
C:\Users\Administrator\source\repos\MayBay\MayBay\Source.cpp(5636,40): warning C4267: 'argument': conversion from 'size_t' to 'short', possible loss of data
C:\Users\Administrator\source\repos\MayBay\MayBay\mylib.h(21): warning C4172: returning address of local variable or temporary: S
C:\Users\Administrator\source\repos\MayBay\MayBay\Source.cpp(2897): warning C4715: 'timP_Before': not all control paths return a value
  MayBay.vcxproj -> C:\Users\Administrator\source\repos\MayBay\Debug\MayBay.exe
